2018-06-09 11:09:38.179 [main] INFO  com.springbootpro.ssm.SsmApplication - Starting SsmApplication on DESKTOP-ENODUB5 with PID 45172 (G:\ideaPro\springbootssm\target\classes started by Elliot in G:\ideaPro\springbootssm)
2018-06-09 11:09:38.180 [main] INFO  com.springbootpro.ssm.SsmApplication - No active profile set, falling back to default profiles: default
2018-06-09 11:09:38.186 [background-preinit] INFO  org.hibernate.validator.internal.util.Version - HV000001: Hibernate Validator 5.2.4.Final
2018-06-09 11:09:38.210 [main] INFO  o.s.c.a.AnnotationConfigApplicationContext - Refreshing org.springframework.context.annotation.AnnotationConfigApplicationContext@3bd40a57: startup date [Sat Jun 09 11:09:38 CST 2018]; root of context hierarchy
2018-06-09 11:09:38.274 [main] INFO  c.s.s.c.s.c.d.DynamicDataSourceRegister - 初始化数据源环境...
2018-06-09 11:09:38.274 [main] INFO  c.s.s.c.s.c.d.DynamicDataSourceRegister - 加载主数据源....
2018-06-09 11:09:38.301 [main] INFO  c.s.s.c.s.c.d.DynamicDataSourceRegister - 主数据源加载完毕...
2018-06-09 11:09:38.301 [main] INFO  c.s.s.c.s.c.d.DynamicDataSourceRegister - 加载更多数据源...
2018-06-09 11:09:38.302 [main] INFO  c.s.s.c.s.c.d.DynamicDataSourceRegister - 初始化数据源:ds1
2018-06-09 11:09:38.308 [main] INFO  c.s.s.c.s.c.d.DynamicDataSourceRegister - 初始化ds1完毕
2018-06-09 11:09:38.308 [main] INFO  c.s.s.c.s.c.d.DynamicDataSourceRegister - 初始化数据源:ds2
2018-06-09 11:09:38.319 [main] INFO  c.s.s.c.s.c.d.DynamicDataSourceRegister - 初始化ds2完毕
2018-06-09 11:09:38.320 [main] INFO  c.s.s.c.s.c.d.DynamicDataSourceRegister - 更多数据源加载完毕
2018-06-09 11:09:38.320 [main] INFO  c.s.s.c.s.c.d.DynamicDataSourceRegister - 初始化完毕...
2018-06-09 11:09:38.326 [main] INFO  o.s.b.logging.ClasspathLoggingApplicationListener - Application failed to start with classpath: [file:/G:/java/jdk8/jre/lib/charsets.jar, file:/G:/java/jdk8/jre/lib/deploy.jar, file:/G:/java/jdk8/jre/lib/ext/access-bridge-64.jar, file:/G:/java/jdk8/jre/lib/ext/cldrdata.jar, file:/G:/java/jdk8/jre/lib/ext/dnsns.jar, file:/G:/java/jdk8/jre/lib/ext/jaccess.jar, file:/G:/java/jdk8/jre/lib/ext/jfxrt.jar, file:/G:/java/jdk8/jre/lib/ext/localedata.jar, file:/G:/java/jdk8/jre/lib/ext/nashorn.jar, file:/G:/java/jdk8/jre/lib/ext/sunec.jar, file:/G:/java/jdk8/jre/lib/ext/sunjce_provider.jar, file:/G:/java/jdk8/jre/lib/ext/sunmscapi.jar, file:/G:/java/jdk8/jre/lib/ext/sunpkcs11.jar, file:/G:/java/jdk8/jre/lib/ext/zipfs.jar, file:/G:/java/jdk8/jre/lib/javaws.jar, file:/G:/java/jdk8/jre/lib/jce.jar, file:/G:/java/jdk8/jre/lib/jfr.jar, file:/G:/java/jdk8/jre/lib/jfxswt.jar, file:/G:/java/jdk8/jre/lib/jsse.jar, file:/G:/java/jdk8/jre/lib/management-agent.jar, file:/G:/java/jdk8/jre/lib/plugin.jar, file:/G:/java/jdk8/jre/lib/resources.jar, file:/G:/java/jdk8/jre/lib/rt.jar, file:/G:/ideaPro/springbootssm/target/classes/, file:/C:/Users/Elliot/.m2/repository/org/springframework/boot/spring-boot-starter-web/1.3.3.RELEASE/spring-boot-starter-web-1.3.3.RELEASE.jar, file:/C:/Users/Elliot/.m2/repository/org/springframework/boot/spring-boot-starter/1.3.3.RELEASE/spring-boot-starter-1.3.3.RELEASE.jar, file:/C:/Users/Elliot/.m2/repository/org/springframework/boot/spring-boot/1.3.3.RELEASE/spring-boot-1.3.3.RELEASE.jar, file:/C:/Users/Elliot/.m2/repository/org/springframework/boot/spring-boot-autoconfigure/1.3.3.RELEASE/spring-boot-autoconfigure-1.3.3.RELEASE.jar, file:/C:/Users/Elliot/.m2/repository/org/yaml/snakeyaml/1.16/snakeyaml-1.16.jar, file:/C:/Users/Elliot/.m2/repository/org/springframework/boot/spring-boot-starter-validation/1.3.3.RELEASE/spring-boot-starter-validation-1.3.3.RELEASE.jar, file:/C:/Users/Elliot/.m2/repository/org/hibernate/hibernate-validator/5.2.4.Final/hibernate-validator-5.2.4.Final.jar, file:/C:/Users/Elliot/.m2/repository/javax/validation/validation-api/1.1.0.Final/validation-api-1.1.0.Final.jar, file:/C:/Users/Elliot/.m2/repository/org/jboss/logging/jboss-logging/3.3.0.Final/jboss-logging-3.3.0.Final.jar, file:/C:/Users/Elliot/.m2/repository/com/fasterxml/classmate/1.1.0/classmate-1.1.0.jar, file:/C:/Users/Elliot/.m2/repository/com/fasterxml/jackson/core/jackson-databind/2.6.5/jackson-databind-2.6.5.jar, file:/C:/Users/Elliot/.m2/repository/com/fasterxml/jackson/core/jackson-annotations/2.6.5/jackson-annotations-2.6.5.jar, file:/C:/Users/Elliot/.m2/repository/com/fasterxml/jackson/core/jackson-core/2.6.5/jackson-core-2.6.5.jar, file:/C:/Users/Elliot/.m2/repository/org/springframework/spring-web/4.2.5.RELEASE/spring-web-4.2.5.RELEASE.jar, file:/C:/Users/Elliot/.m2/repository/org/springframework/spring-beans/4.2.5.RELEASE/spring-beans-4.2.5.RELEASE.jar, file:/C:/Users/Elliot/.m2/repository/org/springframework/spring-context/4.2.5.RELEASE/spring-context-4.2.5.RELEASE.jar, file:/C:/Users/Elliot/.m2/repository/org/springframework/spring-webmvc/4.2.5.RELEASE/spring-webmvc-4.2.5.RELEASE.jar, file:/C:/Users/Elliot/.m2/repository/org/springframework/spring-expression/4.2.5.RELEASE/spring-expression-4.2.5.RELEASE.jar, file:/C:/Users/Elliot/.m2/repository/org/springframework/boot/spring-boot-starter-logging/1.3.3.RELEASE/spring-boot-starter-logging-1.3.3.RELEASE.jar, file:/C:/Users/Elliot/.m2/repository/ch/qos/logback/logback-classic/1.1.5/logback-classic-1.1.5.jar, file:/C:/Users/Elliot/.m2/repository/ch/qos/logback/logback-core/1.1.5/logback-core-1.1.5.jar, file:/C:/Users/Elliot/.m2/repository/org/slf4j/slf4j-api/1.7.16/slf4j-api-1.7.16.jar, file:/C:/Users/Elliot/.m2/repository/org/slf4j/jcl-over-slf4j/1.7.16/jcl-over-slf4j-1.7.16.jar, file:/C:/Users/Elliot/.m2/repository/org/slf4j/jul-to-slf4j/1.7.16/jul-to-slf4j-1.7.16.jar, file:/C:/Users/Elliot/.m2/repository/org/slf4j/log4j-over-slf4j/1.7.16/log4j-over-slf4j-1.7.16.jar, file:/C:/Users/Elliot/.m2/repository/org/springframework/spring-core/4.2.5.RELEASE/spring-core-4.2.5.RELEASE.jar, file:/C:/Users/Elliot/.m2/repository/org/projectlombok/lombok/1.18.0/lombok-1.18.0.jar, file:/C:/Users/Elliot/.m2/repository/org/mybatis/spring/boot/mybatis-spring-boot-starter/1.1.1/mybatis-spring-boot-starter-1.1.1.jar, file:/C:/Users/Elliot/.m2/repository/org/mybatis/spring/boot/mybatis-spring-boot-autoconfigure/1.1.1/mybatis-spring-boot-autoconfigure-1.1.1.jar, file:/C:/Users/Elliot/.m2/repository/org/mybatis/mybatis/3.4.0/mybatis-3.4.0.jar, file:/C:/Users/Elliot/.m2/repository/org/mybatis/mybatis-spring/1.3.0/mybatis-spring-1.3.0.jar, file:/C:/Users/Elliot/.m2/repository/org/springframework/boot/spring-boot-starter-jdbc/1.3.3.RELEASE/spring-boot-starter-jdbc-1.3.3.RELEASE.jar, file:/C:/Users/Elliot/.m2/repository/org/apache/tomcat/tomcat-jdbc/8.0.32/tomcat-jdbc-8.0.32.jar, file:/C:/Users/Elliot/.m2/repository/org/apache/tomcat/tomcat-juli/8.0.32/tomcat-juli-8.0.32.jar, file:/C:/Users/Elliot/.m2/repository/org/springframework/spring-jdbc/4.2.5.RELEASE/spring-jdbc-4.2.5.RELEASE.jar, file:/C:/Users/Elliot/.m2/repository/org/springframework/spring-tx/4.2.5.RELEASE/spring-tx-4.2.5.RELEASE.jar, file:/C:/Users/Elliot/.m2/repository/mysql/mysql-connector-java/5.1.21/mysql-connector-java-5.1.21.jar, file:/C:/Users/Elliot/.m2/repository/org/springframework/boot/spring-boot-starter-aop/1.3.3.RELEASE/spring-boot-starter-aop-1.3.3.RELEASE.jar, file:/C:/Users/Elliot/.m2/repository/org/springframework/spring-aop/4.2.5.RELEASE/spring-aop-4.2.5.RELEASE.jar, file:/C:/Users/Elliot/.m2/repository/aopalliance/aopalliance/1.0/aopalliance-1.0.jar, file:/C:/Users/Elliot/.m2/repository/org/aspectj/aspectjweaver/1.8.8/aspectjweaver-1.8.8.jar, file:/C:/Users/Elliot/.m2/repository/org/springframework/boot/spring-boot-configuration-processor/1.3.3.RELEASE/spring-boot-configuration-processor-1.3.3.RELEASE.jar, file:/C:/Users/Elliot/.m2/repository/org/json/json/20140107/json-20140107.jar, file:/C:/Users/Elliot/.m2/repository/org/apache/tomcat/embed/tomcat-embed-el/8.0.32/tomcat-embed-el-8.0.32.jar, file:/G:/java/IDEA/IntelliJ%20IDEA%202017.2.4/lib/idea_rt.jar]
2018-06-09 11:12:43.721 [background-preinit] INFO  org.hibernate.validator.internal.util.Version - HV000001: Hibernate Validator 5.2.4.Final
2018-06-09 11:12:43.725 [main] INFO  com.springbootpro.ssm.SsmApplication - Starting SsmApplication on DESKTOP-ENODUB5 with PID 71576 (G:\ideaPro\springbootssm\target\classes started by Elliot in G:\ideaPro\springbootssm)
2018-06-09 11:12:43.726 [main] INFO  com.springbootpro.ssm.SsmApplication - No active profile set, falling back to default profiles: default
2018-06-09 11:12:43.769 [main] INFO  o.s.c.a.AnnotationConfigApplicationContext - Refreshing org.springframework.context.annotation.AnnotationConfigApplicationContext@3bd40a57: startup date [Sat Jun 09 11:12:43 CST 2018]; root of context hierarchy
2018-06-09 11:12:43.833 [main] INFO  c.s.s.c.s.c.d.DynamicDataSourceRegister - 初始化数据源环境...
2018-06-09 11:12:43.833 [main] INFO  c.s.s.c.s.c.d.DynamicDataSourceRegister - 加载主数据源....
2018-06-09 11:12:43.871 [main] INFO  c.s.s.c.s.c.d.DynamicDataSourceRegister - 主数据源加载完毕...
2018-06-09 11:12:43.871 [main] INFO  c.s.s.c.s.c.d.DynamicDataSourceRegister - 加载更多数据源...
2018-06-09 11:12:43.871 [main] INFO  c.s.s.c.s.c.d.DynamicDataSourceRegister - 初始化数据源:ds1
2018-06-09 11:12:43.880 [main] INFO  c.s.s.c.s.c.d.DynamicDataSourceRegister - 初始化ds1完毕
2018-06-09 11:12:43.880 [main] INFO  c.s.s.c.s.c.d.DynamicDataSourceRegister - 初始化数据源:ds2
2018-06-09 11:12:43.900 [main] INFO  c.s.s.c.s.c.d.DynamicDataSourceRegister - 初始化ds2完毕
2018-06-09 11:12:43.900 [main] INFO  c.s.s.c.s.c.d.DynamicDataSourceRegister - 更多数据源加载完毕
2018-06-09 11:12:43.900 [main] INFO  c.s.s.c.s.c.d.DynamicDataSourceRegister - 初始化完毕...
2018-06-09 11:12:43.911 [main] INFO  o.s.b.logging.ClasspathLoggingApplicationListener - Application failed to start with classpath: [file:/G:/java/jdk8/jre/lib/charsets.jar, file:/G:/java/jdk8/jre/lib/deploy.jar, file:/G:/java/jdk8/jre/lib/ext/access-bridge-64.jar, file:/G:/java/jdk8/jre/lib/ext/cldrdata.jar, file:/G:/java/jdk8/jre/lib/ext/dnsns.jar, file:/G:/java/jdk8/jre/lib/ext/jaccess.jar, file:/G:/java/jdk8/jre/lib/ext/jfxrt.jar, file:/G:/java/jdk8/jre/lib/ext/localedata.jar, file:/G:/java/jdk8/jre/lib/ext/nashorn.jar, file:/G:/java/jdk8/jre/lib/ext/sunec.jar, file:/G:/java/jdk8/jre/lib/ext/sunjce_provider.jar, file:/G:/java/jdk8/jre/lib/ext/sunmscapi.jar, file:/G:/java/jdk8/jre/lib/ext/sunpkcs11.jar, file:/G:/java/jdk8/jre/lib/ext/zipfs.jar, file:/G:/java/jdk8/jre/lib/javaws.jar, file:/G:/java/jdk8/jre/lib/jce.jar, file:/G:/java/jdk8/jre/lib/jfr.jar, file:/G:/java/jdk8/jre/lib/jfxswt.jar, file:/G:/java/jdk8/jre/lib/jsse.jar, file:/G:/java/jdk8/jre/lib/management-agent.jar, file:/G:/java/jdk8/jre/lib/plugin.jar, file:/G:/java/jdk8/jre/lib/resources.jar, file:/G:/java/jdk8/jre/lib/rt.jar, file:/G:/ideaPro/springbootssm/target/classes/, file:/C:/Users/Elliot/.m2/repository/org/springframework/boot/spring-boot-starter-web/1.3.3.RELEASE/spring-boot-starter-web-1.3.3.RELEASE.jar, file:/C:/Users/Elliot/.m2/repository/org/springframework/boot/spring-boot-starter/1.3.3.RELEASE/spring-boot-starter-1.3.3.RELEASE.jar, file:/C:/Users/Elliot/.m2/repository/org/springframework/boot/spring-boot/1.3.3.RELEASE/spring-boot-1.3.3.RELEASE.jar, file:/C:/Users/Elliot/.m2/repository/org/springframework/boot/spring-boot-autoconfigure/1.3.3.RELEASE/spring-boot-autoconfigure-1.3.3.RELEASE.jar, file:/C:/Users/Elliot/.m2/repository/org/yaml/snakeyaml/1.16/snakeyaml-1.16.jar, file:/C:/Users/Elliot/.m2/repository/org/springframework/boot/spring-boot-starter-validation/1.3.3.RELEASE/spring-boot-starter-validation-1.3.3.RELEASE.jar, file:/C:/Users/Elliot/.m2/repository/org/hibernate/hibernate-validator/5.2.4.Final/hibernate-validator-5.2.4.Final.jar, file:/C:/Users/Elliot/.m2/repository/javax/validation/validation-api/1.1.0.Final/validation-api-1.1.0.Final.jar, file:/C:/Users/Elliot/.m2/repository/org/jboss/logging/jboss-logging/3.3.0.Final/jboss-logging-3.3.0.Final.jar, file:/C:/Users/Elliot/.m2/repository/com/fasterxml/classmate/1.1.0/classmate-1.1.0.jar, file:/C:/Users/Elliot/.m2/repository/com/fasterxml/jackson/core/jackson-databind/2.6.5/jackson-databind-2.6.5.jar, file:/C:/Users/Elliot/.m2/repository/com/fasterxml/jackson/core/jackson-annotations/2.6.5/jackson-annotations-2.6.5.jar, file:/C:/Users/Elliot/.m2/repository/com/fasterxml/jackson/core/jackson-core/2.6.5/jackson-core-2.6.5.jar, file:/C:/Users/Elliot/.m2/repository/org/springframework/spring-web/4.2.5.RELEASE/spring-web-4.2.5.RELEASE.jar, file:/C:/Users/Elliot/.m2/repository/org/springframework/spring-beans/4.2.5.RELEASE/spring-beans-4.2.5.RELEASE.jar, file:/C:/Users/Elliot/.m2/repository/org/springframework/spring-context/4.2.5.RELEASE/spring-context-4.2.5.RELEASE.jar, file:/C:/Users/Elliot/.m2/repository/org/springframework/spring-webmvc/4.2.5.RELEASE/spring-webmvc-4.2.5.RELEASE.jar, file:/C:/Users/Elliot/.m2/repository/org/springframework/spring-expression/4.2.5.RELEASE/spring-expression-4.2.5.RELEASE.jar, file:/C:/Users/Elliot/.m2/repository/org/springframework/boot/spring-boot-starter-logging/1.3.3.RELEASE/spring-boot-starter-logging-1.3.3.RELEASE.jar, file:/C:/Users/Elliot/.m2/repository/ch/qos/logback/logback-classic/1.1.5/logback-classic-1.1.5.jar, file:/C:/Users/Elliot/.m2/repository/ch/qos/logback/logback-core/1.1.5/logback-core-1.1.5.jar, file:/C:/Users/Elliot/.m2/repository/org/slf4j/slf4j-api/1.7.16/slf4j-api-1.7.16.jar, file:/C:/Users/Elliot/.m2/repository/org/slf4j/jcl-over-slf4j/1.7.16/jcl-over-slf4j-1.7.16.jar, file:/C:/Users/Elliot/.m2/repository/org/slf4j/jul-to-slf4j/1.7.16/jul-to-slf4j-1.7.16.jar, file:/C:/Users/Elliot/.m2/repository/org/slf4j/log4j-over-slf4j/1.7.16/log4j-over-slf4j-1.7.16.jar, file:/C:/Users/Elliot/.m2/repository/org/springframework/spring-core/4.2.5.RELEASE/spring-core-4.2.5.RELEASE.jar, file:/C:/Users/Elliot/.m2/repository/org/projectlombok/lombok/1.18.0/lombok-1.18.0.jar, file:/C:/Users/Elliot/.m2/repository/org/mybatis/spring/boot/mybatis-spring-boot-starter/1.1.1/mybatis-spring-boot-starter-1.1.1.jar, file:/C:/Users/Elliot/.m2/repository/org/mybatis/spring/boot/mybatis-spring-boot-autoconfigure/1.1.1/mybatis-spring-boot-autoconfigure-1.1.1.jar, file:/C:/Users/Elliot/.m2/repository/org/mybatis/mybatis/3.4.0/mybatis-3.4.0.jar, file:/C:/Users/Elliot/.m2/repository/org/mybatis/mybatis-spring/1.3.0/mybatis-spring-1.3.0.jar, file:/C:/Users/Elliot/.m2/repository/org/springframework/boot/spring-boot-starter-jdbc/1.3.3.RELEASE/spring-boot-starter-jdbc-1.3.3.RELEASE.jar, file:/C:/Users/Elliot/.m2/repository/org/apache/tomcat/tomcat-jdbc/8.0.32/tomcat-jdbc-8.0.32.jar, file:/C:/Users/Elliot/.m2/repository/org/apache/tomcat/tomcat-juli/8.0.32/tomcat-juli-8.0.32.jar, file:/C:/Users/Elliot/.m2/repository/org/springframework/spring-jdbc/4.2.5.RELEASE/spring-jdbc-4.2.5.RELEASE.jar, file:/C:/Users/Elliot/.m2/repository/org/springframework/spring-tx/4.2.5.RELEASE/spring-tx-4.2.5.RELEASE.jar, file:/C:/Users/Elliot/.m2/repository/mysql/mysql-connector-java/5.1.21/mysql-connector-java-5.1.21.jar, file:/C:/Users/Elliot/.m2/repository/org/springframework/boot/spring-boot-starter-aop/1.3.3.RELEASE/spring-boot-starter-aop-1.3.3.RELEASE.jar, file:/C:/Users/Elliot/.m2/repository/org/springframework/spring-aop/4.2.5.RELEASE/spring-aop-4.2.5.RELEASE.jar, file:/C:/Users/Elliot/.m2/repository/aopalliance/aopalliance/1.0/aopalliance-1.0.jar, file:/C:/Users/Elliot/.m2/repository/org/aspectj/aspectjweaver/1.8.8/aspectjweaver-1.8.8.jar, file:/C:/Users/Elliot/.m2/repository/org/springframework/boot/spring-boot-configuration-processor/1.3.3.RELEASE/spring-boot-configuration-processor-1.3.3.RELEASE.jar, file:/C:/Users/Elliot/.m2/repository/org/json/json/20140107/json-20140107.jar, file:/C:/Users/Elliot/.m2/repository/org/apache/tomcat/embed/tomcat-embed-el/8.0.32/tomcat-embed-el-8.0.32.jar, file:/G:/java/IDEA/IntelliJ%20IDEA%202017.2.4/lib/idea_rt.jar]
2018-06-09 11:16:41.018 [main] INFO  com.springbootpro.ssm.SsmApplication - Starting SsmApplication on DESKTOP-ENODUB5 with PID 43328 (G:\ideaPro\springbootssm\target\classes started by Elliot in G:\ideaPro\springbootssm)
2018-06-09 11:16:41.022 [main] INFO  com.springbootpro.ssm.SsmApplication - No active profile set, falling back to default profiles: default
2018-06-09 11:16:41.071 [main] INFO  o.s.b.c.e.AnnotationConfigEmbeddedWebApplicationContext - Refreshing org.springframework.boot.context.embedded.AnnotationConfigEmbeddedWebApplicationContext@7fc229ab: startup date [Sat Jun 09 11:16:41 CST 2018]; root of context hierarchy
2018-06-09 11:16:41.120 [background-preinit] INFO  org.hibernate.validator.internal.util.Version - HV000001: Hibernate Validator 5.2.4.Final
2018-06-09 11:16:41.165 [main] INFO  c.s.s.c.s.c.d.DynamicDataSourceRegister - 初始化数据源环境...
2018-06-09 11:16:41.166 [main] INFO  c.s.s.c.s.c.d.DynamicDataSourceRegister - 加载主数据源....
2018-06-09 11:16:41.229 [main] INFO  c.s.s.c.s.c.d.DynamicDataSourceRegister - 主数据源加载完毕...
2018-06-09 11:16:41.230 [main] INFO  c.s.s.c.s.c.d.DynamicDataSourceRegister - 加载更多数据源...
2018-06-09 11:16:41.230 [main] INFO  c.s.s.c.s.c.d.DynamicDataSourceRegister - 初始化数据源:ds1
2018-06-09 11:16:41.242 [main] INFO  c.s.s.c.s.c.d.DynamicDataSourceRegister - 初始化ds1完毕
2018-06-09 11:16:41.242 [main] INFO  c.s.s.c.s.c.d.DynamicDataSourceRegister - 初始化数据源:ds2
2018-06-09 11:16:41.256 [main] INFO  c.s.s.c.s.c.d.DynamicDataSourceRegister - 初始化ds2完毕
2018-06-09 11:16:41.256 [main] INFO  c.s.s.c.s.c.d.DynamicDataSourceRegister - 更多数据源加载完毕
2018-06-09 11:16:41.256 [main] INFO  c.s.s.c.s.c.d.DynamicDataSourceRegister - 初始化完毕...
2018-06-09 11:16:41.680 [main] INFO  o.s.b.factory.support.DefaultListableBeanFactory - Overriding bean definition for bean 'beanNameViewResolver' with a different definition: replacing [Root bean: class [null]; scope=; abstract=false; lazyInit=false; autowireMode=3; dependencyCheck=0; autowireCandidate=true; primary=false; factoryBeanName=org.springframework.boot.autoconfigure.web.ErrorMvcAutoConfiguration$WhitelabelErrorViewConfiguration; factoryMethodName=beanNameViewResolver; initMethodName=null; destroyMethodName=(inferred); defined in class path resource [org/springframework/boot/autoconfigure/web/ErrorMvcAutoConfiguration$WhitelabelErrorViewConfiguration.class]] with [Root bean: class [null]; scope=; abstract=false; lazyInit=false; autowireMode=3; dependencyCheck=0; autowireCandidate=true; primary=false; factoryBeanName=org.springframework.boot.autoconfigure.web.WebMvcAutoConfiguration$WebMvcAutoConfigurationAdapter; factoryMethodName=beanNameViewResolver; initMethodName=null; destroyMethodName=(inferred); defined in class path resource [org/springframework/boot/autoconfigure/web/WebMvcAutoConfiguration$WebMvcAutoConfigurationAdapter.class]]
2018-06-09 11:16:41.964 [main] INFO  o.s.c.s.PostProcessorRegistrationDelegate$BeanPostProcessorChecker - Bean 'org.springframework.transaction.annotation.ProxyTransactionManagementConfiguration' of type [class org.springframework.transaction.annotation.ProxyTransactionManagementConfiguration$$EnhancerBySpringCGLIB$$5677f2f] is not eligible for getting processed by all BeanPostProcessors (for example: not eligible for auto-proxying)
2018-06-09 11:16:42.367 [main] INFO  o.s.b.c.e.tomcat.TomcatEmbeddedServletContainer - Tomcat initialized with port(s): 10086 (http)
2018-06-09 11:16:42.378 [main] INFO  org.apache.catalina.core.StandardService - Starting service Tomcat
2018-06-09 11:16:42.379 [main] INFO  org.apache.catalina.core.StandardEngine - Starting Servlet Engine: Apache Tomcat/8.0.32
2018-06-09 11:16:42.452 [localhost-startStop-1] INFO  o.a.c.core.ContainerBase.[Tomcat].[localhost].[/] - Initializing Spring embedded WebApplicationContext
2018-06-09 11:16:42.452 [localhost-startStop-1] INFO  org.springframework.web.context.ContextLoader - Root WebApplicationContext: initialization completed in 1381 ms
2018-06-09 11:16:43.143 [localhost-startStop-1] INFO  o.s.boot.context.embedded.ServletRegistrationBean - Mapping servlet: 'dispatcherServlet' to [/]
2018-06-09 11:16:43.146 [localhost-startStop-1] INFO  o.s.boot.context.embedded.FilterRegistrationBean - Mapping filter: 'characterEncodingFilter' to: [/*]
2018-06-09 11:16:43.146 [localhost-startStop-1] INFO  o.s.boot.context.embedded.FilterRegistrationBean - Mapping filter: 'hiddenHttpMethodFilter' to: [/*]
2018-06-09 11:16:43.146 [localhost-startStop-1] INFO  o.s.boot.context.embedded.FilterRegistrationBean - Mapping filter: 'httpPutFormContentFilter' to: [/*]
2018-06-09 11:16:43.146 [localhost-startStop-1] INFO  o.s.boot.context.embedded.FilterRegistrationBean - Mapping filter: 'requestContextFilter' to: [/*]
2018-06-09 11:16:43.414 [main] INFO  o.s.w.s.m.m.a.RequestMappingHandlerAdapter - Looking for @ControllerAdvice: org.springframework.boot.context.embedded.AnnotationConfigEmbeddedWebApplicationContext@7fc229ab: startup date [Sat Jun 09 11:16:41 CST 2018]; root of context hierarchy
2018-06-09 11:16:43.486 [main] INFO  o.s.w.s.m.m.a.RequestMappingHandlerMapping - Mapped "{[/user]}" onto java.lang.String com.springbootpro.ssm.com.springbootssm.app.TestController.home()
2018-06-09 11:16:43.489 [main] INFO  o.s.w.s.m.m.a.RequestMappingHandlerMapping - Mapped "{[/error]}" onto public org.springframework.http.ResponseEntity<java.util.Map<java.lang.String, java.lang.Object>> org.springframework.boot.autoconfigure.web.BasicErrorController.error(javax.servlet.http.HttpServletRequest)
2018-06-09 11:16:43.490 [main] INFO  o.s.w.s.m.m.a.RequestMappingHandlerMapping - Mapped "{[/error],produces=[text/html]}" onto public org.springframework.web.servlet.ModelAndView org.springframework.boot.autoconfigure.web.BasicErrorController.errorHtml(javax.servlet.http.HttpServletRequest,javax.servlet.http.HttpServletResponse)
2018-06-09 11:16:43.547 [main] INFO  o.s.web.servlet.handler.SimpleUrlHandlerMapping - Mapped URL path [/webjars/**] onto handler of type [class org.springframework.web.servlet.resource.ResourceHttpRequestHandler]
2018-06-09 11:16:43.547 [main] INFO  o.s.web.servlet.handler.SimpleUrlHandlerMapping - Mapped URL path [/**] onto handler of type [class org.springframework.web.servlet.resource.ResourceHttpRequestHandler]
2018-06-09 11:16:43.584 [main] INFO  o.s.web.servlet.handler.SimpleUrlHandlerMapping - Mapped URL path [/**/favicon.ico] onto handler of type [class org.springframework.web.servlet.resource.ResourceHttpRequestHandler]
2018-06-09 11:16:43.939 [main] INFO  o.s.jmx.export.annotation.AnnotationMBeanExporter - Registering beans for JMX exposure on startup
2018-06-09 11:16:43.953 [main] INFO  org.apache.coyote.http11.Http11NioProtocol - Initializing ProtocolHandler ["http-nio-10086"]
2018-06-09 11:16:43.957 [main] INFO  org.apache.coyote.http11.Http11NioProtocol - Starting ProtocolHandler ["http-nio-10086"]
2018-06-09 11:16:43.966 [main] INFO  org.apache.tomcat.util.net.NioSelectorPool - Using a shared selector for servlet write/read
2018-06-09 11:16:43.977 [main] INFO  o.s.b.c.e.tomcat.TomcatEmbeddedServletContainer - Tomcat started on port(s): 10086 (http)
2018-06-09 11:16:43.979 [main] INFO  com.springbootpro.ssm.SsmApplication - Started SsmApplication in 3.194 seconds (JVM running for 4.027)
2018-06-09 11:17:16.609 [http-nio-10086-exec-1] INFO  o.a.c.core.ContainerBase.[Tomcat].[localhost].[/] - Initializing Spring FrameworkServlet 'dispatcherServlet'
2018-06-09 11:17:16.610 [http-nio-10086-exec-1] INFO  org.springframework.web.servlet.DispatcherServlet - FrameworkServlet 'dispatcherServlet': initialization started
2018-06-09 11:17:16.642 [http-nio-10086-exec-1] INFO  org.springframework.web.servlet.DispatcherServlet - FrameworkServlet 'dispatcherServlet': initialization completed in 32 ms
2018-06-09 11:17:27.302 [main] INFO  com.springbootpro.ssm.SsmApplication - Starting SsmApplication on DESKTOP-ENODUB5 with PID 73404 (G:\ideaPro\springbootssm\target\classes started by Elliot in G:\ideaPro\springbootssm)
2018-06-09 11:17:27.305 [main] INFO  com.springbootpro.ssm.SsmApplication - No active profile set, falling back to default profiles: default
2018-06-09 11:17:27.353 [main] INFO  o.s.b.c.e.AnnotationConfigEmbeddedWebApplicationContext - Refreshing org.springframework.boot.context.embedded.AnnotationConfigEmbeddedWebApplicationContext@7fc229ab: startup date [Sat Jun 09 11:17:27 CST 2018]; root of context hierarchy
2018-06-09 11:17:27.389 [background-preinit] INFO  org.hibernate.validator.internal.util.Version - HV000001: Hibernate Validator 5.2.4.Final
2018-06-09 11:17:27.417 [main] INFO  c.s.s.c.s.c.d.DynamicDataSourceRegister - 初始化数据源环境...
2018-06-09 11:17:27.418 [main] INFO  c.s.s.c.s.c.d.DynamicDataSourceRegister - 加载主数据源....
2018-06-09 11:17:27.466 [main] INFO  c.s.s.c.s.c.d.DynamicDataSourceRegister - 主数据源加载完毕...
2018-06-09 11:17:27.467 [main] INFO  c.s.s.c.s.c.d.DynamicDataSourceRegister - 加载更多数据源...
2018-06-09 11:17:27.467 [main] INFO  c.s.s.c.s.c.d.DynamicDataSourceRegister - 初始化数据源:ds1
2018-06-09 11:17:27.475 [main] INFO  c.s.s.c.s.c.d.DynamicDataSourceRegister - 初始化ds1完毕
2018-06-09 11:17:27.475 [main] INFO  c.s.s.c.s.c.d.DynamicDataSourceRegister - 初始化数据源:ds2
2018-06-09 11:17:27.483 [main] INFO  c.s.s.c.s.c.d.DynamicDataSourceRegister - 初始化ds2完毕
2018-06-09 11:17:27.483 [main] INFO  c.s.s.c.s.c.d.DynamicDataSourceRegister - 更多数据源加载完毕
2018-06-09 11:17:27.483 [main] INFO  c.s.s.c.s.c.d.DynamicDataSourceRegister - 初始化完毕...
2018-06-09 11:17:27.796 [main] INFO  o.s.b.factory.support.DefaultListableBeanFactory - Overriding bean definition for bean 'beanNameViewResolver' with a different definition: replacing [Root bean: class [null]; scope=; abstract=false; lazyInit=false; autowireMode=3; dependencyCheck=0; autowireCandidate=true; primary=false; factoryBeanName=org.springframework.boot.autoconfigure.web.ErrorMvcAutoConfiguration$WhitelabelErrorViewConfiguration; factoryMethodName=beanNameViewResolver; initMethodName=null; destroyMethodName=(inferred); defined in class path resource [org/springframework/boot/autoconfigure/web/ErrorMvcAutoConfiguration$WhitelabelErrorViewConfiguration.class]] with [Root bean: class [null]; scope=; abstract=false; lazyInit=false; autowireMode=3; dependencyCheck=0; autowireCandidate=true; primary=false; factoryBeanName=org.springframework.boot.autoconfigure.web.WebMvcAutoConfiguration$WebMvcAutoConfigurationAdapter; factoryMethodName=beanNameViewResolver; initMethodName=null; destroyMethodName=(inferred); defined in class path resource [org/springframework/boot/autoconfigure/web/WebMvcAutoConfiguration$WebMvcAutoConfigurationAdapter.class]]
2018-06-09 11:17:28.003 [main] INFO  o.s.c.s.PostProcessorRegistrationDelegate$BeanPostProcessorChecker - Bean 'org.springframework.transaction.annotation.ProxyTransactionManagementConfiguration' of type [class org.springframework.transaction.annotation.ProxyTransactionManagementConfiguration$$EnhancerBySpringCGLIB$$5677f2f] is not eligible for getting processed by all BeanPostProcessors (for example: not eligible for auto-proxying)
2018-06-09 11:17:28.348 [main] INFO  o.s.b.c.e.tomcat.TomcatEmbeddedServletContainer - Tomcat initialized with port(s): 10086 (http)
2018-06-09 11:17:28.353 [main] INFO  org.apache.catalina.core.StandardService - Starting service Tomcat
2018-06-09 11:17:28.354 [main] INFO  org.apache.catalina.core.StandardEngine - Starting Servlet Engine: Apache Tomcat/8.0.32
2018-06-09 11:17:28.422 [localhost-startStop-1] INFO  o.a.c.core.ContainerBase.[Tomcat].[localhost].[/] - Initializing Spring embedded WebApplicationContext
2018-06-09 11:17:28.422 [localhost-startStop-1] INFO  org.springframework.web.context.ContextLoader - Root WebApplicationContext: initialization completed in 1069 ms
2018-06-09 11:17:29.094 [localhost-startStop-1] INFO  o.s.boot.context.embedded.ServletRegistrationBean - Mapping servlet: 'dispatcherServlet' to [/]
2018-06-09 11:17:29.098 [localhost-startStop-1] INFO  o.s.boot.context.embedded.FilterRegistrationBean - Mapping filter: 'characterEncodingFilter' to: [/*]
2018-06-09 11:17:29.099 [localhost-startStop-1] INFO  o.s.boot.context.embedded.FilterRegistrationBean - Mapping filter: 'hiddenHttpMethodFilter' to: [/*]
2018-06-09 11:17:29.099 [localhost-startStop-1] INFO  o.s.boot.context.embedded.FilterRegistrationBean - Mapping filter: 'httpPutFormContentFilter' to: [/*]
2018-06-09 11:17:29.099 [localhost-startStop-1] INFO  o.s.boot.context.embedded.FilterRegistrationBean - Mapping filter: 'requestContextFilter' to: [/*]
2018-06-09 11:17:29.343 [main] INFO  o.s.w.s.m.m.a.RequestMappingHandlerAdapter - Looking for @ControllerAdvice: org.springframework.boot.context.embedded.AnnotationConfigEmbeddedWebApplicationContext@7fc229ab: startup date [Sat Jun 09 11:17:27 CST 2018]; root of context hierarchy
2018-06-09 11:17:29.407 [main] INFO  o.s.w.s.m.m.a.RequestMappingHandlerMapping - Mapped "{[/user]}" onto java.lang.String com.springbootpro.ssm.com.springbootssm.app.TestController.home()
2018-06-09 11:17:29.410 [main] INFO  o.s.w.s.m.m.a.RequestMappingHandlerMapping - Mapped "{[/error]}" onto public org.springframework.http.ResponseEntity<java.util.Map<java.lang.String, java.lang.Object>> org.springframework.boot.autoconfigure.web.BasicErrorController.error(javax.servlet.http.HttpServletRequest)
2018-06-09 11:17:29.410 [main] INFO  o.s.w.s.m.m.a.RequestMappingHandlerMapping - Mapped "{[/error],produces=[text/html]}" onto public org.springframework.web.servlet.ModelAndView org.springframework.boot.autoconfigure.web.BasicErrorController.errorHtml(javax.servlet.http.HttpServletRequest,javax.servlet.http.HttpServletResponse)
2018-06-09 11:17:29.455 [main] INFO  o.s.web.servlet.handler.SimpleUrlHandlerMapping - Mapped URL path [/webjars/**] onto handler of type [class org.springframework.web.servlet.resource.ResourceHttpRequestHandler]
2018-06-09 11:17:29.456 [main] INFO  o.s.web.servlet.handler.SimpleUrlHandlerMapping - Mapped URL path [/**] onto handler of type [class org.springframework.web.servlet.resource.ResourceHttpRequestHandler]
2018-06-09 11:17:29.487 [main] INFO  o.s.web.servlet.handler.SimpleUrlHandlerMapping - Mapped URL path [/**/favicon.ico] onto handler of type [class org.springframework.web.servlet.resource.ResourceHttpRequestHandler]
2018-06-09 11:17:29.832 [main] INFO  o.s.jmx.export.annotation.AnnotationMBeanExporter - Registering beans for JMX exposure on startup
2018-06-09 11:17:29.847 [main] INFO  org.apache.coyote.http11.Http11NioProtocol - Initializing ProtocolHandler ["http-nio-10086"]
2018-06-09 11:17:29.850 [main] INFO  org.apache.coyote.http11.Http11NioProtocol - Starting ProtocolHandler ["http-nio-10086"]
2018-06-09 11:17:29.858 [main] INFO  org.apache.tomcat.util.net.NioSelectorPool - Using a shared selector for servlet write/read
2018-06-09 11:17:29.868 [main] INFO  o.s.b.c.e.tomcat.TomcatEmbeddedServletContainer - Tomcat started on port(s): 10086 (http)
2018-06-09 11:17:29.871 [main] INFO  com.springbootpro.ssm.SsmApplication - Started SsmApplication in 2.781 seconds (JVM running for 3.667)
2018-06-09 11:17:52.602 [http-nio-10086-exec-1] INFO  o.a.c.core.ContainerBase.[Tomcat].[localhost].[/] - Initializing Spring FrameworkServlet 'dispatcherServlet'
2018-06-09 11:17:52.602 [http-nio-10086-exec-1] INFO  org.springframework.web.servlet.DispatcherServlet - FrameworkServlet 'dispatcherServlet': initialization started
2018-06-09 11:17:52.618 [http-nio-10086-exec-1] INFO  org.springframework.web.servlet.DispatcherServlet - FrameworkServlet 'dispatcherServlet': initialization completed in 16 ms
2018-06-09 11:17:52.920 [http-nio-10086-exec-1] INFO  c.s.s.c.s.c.d.DynamicDataSourceAspect - 使用数据源 : {} > {} 
ds2User com.springbootpro.ssm.com.springbootssm.service.ITestUserService.getUserInTestDB()
2018-06-09 11:17:52.958 [http-nio-10086-exec-1] INFO  c.s.s.c.s.c.d.DynamicDataSourceAspect - 该数据源已使用完毕,正在销毁....
2018-06-09 11:17:52.959 [http-nio-10086-exec-1] INFO  c.s.s.c.s.c.d.DynamicDataSourceAspect - 销毁完毕...
2018-06-09 11:17:52.960 [http-nio-10086-exec-1] INFO  c.s.s.c.s.c.d.DynamicDataSourceAspect - 使用数据源 : {} > {} 
ds1User com.springbootpro.ssm.com.springbootssm.service.ITestUserService.saveUserInMall()
2018-06-09 11:17:53.000 [http-nio-10086-exec-1] INFO  c.s.s.c.s.c.d.DynamicDataSourceAspect - 该数据源已使用完毕,正在销毁....
2018-06-09 11:17:53.000 [http-nio-10086-exec-1] INFO  c.s.s.c.s.c.d.DynamicDataSourceAspect - 销毁完毕...
2018-06-09 11:17:53.059 [http-nio-10086-exec-2] INFO  c.s.s.c.s.c.d.DynamicDataSourceAspect - 使用数据源 : {} > {} 
ds2User com.springbootpro.ssm.com.springbootssm.service.ITestUserService.getUserInTestDB()
2018-06-09 11:17:53.060 [http-nio-10086-exec-2] INFO  c.s.s.c.s.c.d.DynamicDataSourceAspect - 该数据源已使用完毕,正在销毁....
2018-06-09 11:17:53.060 [http-nio-10086-exec-2] INFO  c.s.s.c.s.c.d.DynamicDataSourceAspect - 销毁完毕...
2018-06-09 11:17:53.060 [http-nio-10086-exec-2] INFO  c.s.s.c.s.c.d.DynamicDataSourceAspect - 使用数据源 : {} > {} 
ds1User com.springbootpro.ssm.com.springbootssm.service.ITestUserService.saveUserInMall()
2018-06-09 11:17:53.061 [http-nio-10086-exec-2] INFO  c.s.s.c.s.c.d.DynamicDataSourceAspect - 该数据源已使用完毕,正在销毁....
2018-06-09 11:17:53.062 [http-nio-10086-exec-2] INFO  c.s.s.c.s.c.d.DynamicDataSourceAspect - 销毁完毕...
2018-06-09 11:37:14.536 [http-nio-10086-exec-3] INFO  c.s.s.c.s.c.d.DynamicDataSourceAspect - 使用数据源 : {} > {} 
ds2User com.springbootpro.ssm.com.springbootssm.service.ITestUserService.getUserInTestDB()
2018-06-09 11:37:14.537 [http-nio-10086-exec-3] INFO  c.s.s.c.s.c.d.DynamicDataSourceAspect - 该数据源已使用完毕,正在销毁....
2018-06-09 11:37:14.538 [http-nio-10086-exec-3] INFO  c.s.s.c.s.c.d.DynamicDataSourceAspect - 销毁完毕...
2018-06-09 11:37:14.538 [http-nio-10086-exec-3] INFO  c.s.s.c.s.c.d.DynamicDataSourceAspect - 使用数据源 : {} > {} 
ds1User com.springbootpro.ssm.com.springbootssm.service.ITestUserService.saveUserInMall()
2018-06-09 11:37:14.540 [http-nio-10086-exec-3] INFO  c.s.s.c.s.c.d.DynamicDataSourceAspect - 该数据源已使用完毕,正在销毁....
2018-06-09 11:37:14.540 [http-nio-10086-exec-3] INFO  c.s.s.c.s.c.d.DynamicDataSourceAspect - 销毁完毕...
2018-06-09 11:37:14.694 [http-nio-10086-exec-4] INFO  c.s.s.c.s.c.d.DynamicDataSourceAspect - 使用数据源 : {} > {} 
ds2User com.springbootpro.ssm.com.springbootssm.service.ITestUserService.getUserInTestDB()
2018-06-09 11:37:14.696 [http-nio-10086-exec-4] INFO  c.s.s.c.s.c.d.DynamicDataSourceAspect - 该数据源已使用完毕,正在销毁....
2018-06-09 11:37:14.696 [http-nio-10086-exec-4] INFO  c.s.s.c.s.c.d.DynamicDataSourceAspect - 销毁完毕...
2018-06-09 11:37:14.697 [http-nio-10086-exec-4] INFO  c.s.s.c.s.c.d.DynamicDataSourceAspect - 使用数据源 : {} > {} 
ds1User com.springbootpro.ssm.com.springbootssm.service.ITestUserService.saveUserInMall()
2018-06-09 11:37:14.698 [http-nio-10086-exec-4] INFO  c.s.s.c.s.c.d.DynamicDataSourceAspect - 该数据源已使用完毕,正在销毁....
2018-06-09 11:37:14.698 [http-nio-10086-exec-4] INFO  c.s.s.c.s.c.d.DynamicDataSourceAspect - 销毁完毕...
2018-06-09 23:35:48.586 [main] INFO  com.springbootpro.ssm.SsmApplication - project init
2018-06-09 23:35:48.950 [main] INFO  com.springbootpro.ssm.SsmApplication - Starting SsmApplication on DESKTOP-ENODUB5 with PID 98408 (G:\ideaPro\springbootssm\target\classes started by Elliot in G:\ideaPro\springbootssm)
2018-06-09 23:35:48.950 [main] INFO  com.springbootpro.ssm.SsmApplication - No active profile set, falling back to default profiles: default
2018-06-09 23:35:48.983 [main] INFO  o.s.b.c.e.AnnotationConfigEmbeddedWebApplicationContext - Refreshing org.springframework.boot.context.embedded.AnnotationConfigEmbeddedWebApplicationContext@78b729e6: startup date [Sat Jun 09 23:35:48 CST 2018]; root of context hierarchy
2018-06-09 23:35:49.036 [background-preinit] INFO  org.hibernate.validator.internal.util.Version - HV000001: Hibernate Validator 5.2.4.Final
2018-06-09 23:35:49.099 [main] INFO  c.s.s.c.s.c.d.DynamicDataSourceRegister - 初始化数据源环境...
2018-06-09 23:35:49.099 [main] INFO  c.s.s.c.s.c.d.DynamicDataSourceRegister - 加载主数据源....
2018-06-09 23:35:49.136 [main] INFO  c.s.s.c.s.c.d.DynamicDataSourceRegister - 主数据源加载完毕...
2018-06-09 23:35:49.136 [main] INFO  c.s.s.c.s.c.d.DynamicDataSourceRegister - 加载更多数据源...
2018-06-09 23:35:49.136 [main] INFO  c.s.s.c.s.c.d.DynamicDataSourceRegister - 初始化数据源:ds1
2018-06-09 23:35:49.142 [main] INFO  c.s.s.c.s.c.d.DynamicDataSourceRegister - 初始化ds1完毕
2018-06-09 23:35:49.142 [main] INFO  c.s.s.c.s.c.d.DynamicDataSourceRegister - 初始化数据源:ds2
2018-06-09 23:35:49.149 [main] INFO  c.s.s.c.s.c.d.DynamicDataSourceRegister - 初始化ds2完毕
2018-06-09 23:35:49.149 [main] INFO  c.s.s.c.s.c.d.DynamicDataSourceRegister - 更多数据源加载完毕
2018-06-09 23:35:49.149 [main] INFO  c.s.s.c.s.c.d.DynamicDataSourceRegister - 初始化完毕...
2018-06-09 23:35:49.426 [main] INFO  o.s.b.factory.support.DefaultListableBeanFactory - Overriding bean definition for bean 'beanNameViewResolver' with a different definition: replacing [Root bean: class [null]; scope=; abstract=false; lazyInit=false; autowireMode=3; dependencyCheck=0; autowireCandidate=true; primary=false; factoryBeanName=org.springframework.boot.autoconfigure.web.ErrorMvcAutoConfiguration$WhitelabelErrorViewConfiguration; factoryMethodName=beanNameViewResolver; initMethodName=null; destroyMethodName=(inferred); defined in class path resource [org/springframework/boot/autoconfigure/web/ErrorMvcAutoConfiguration$WhitelabelErrorViewConfiguration.class]] with [Root bean: class [null]; scope=; abstract=false; lazyInit=false; autowireMode=3; dependencyCheck=0; autowireCandidate=true; primary=false; factoryBeanName=org.springframework.boot.autoconfigure.web.WebMvcAutoConfiguration$WebMvcAutoConfigurationAdapter; factoryMethodName=beanNameViewResolver; initMethodName=null; destroyMethodName=(inferred); defined in class path resource [org/springframework/boot/autoconfigure/web/WebMvcAutoConfiguration$WebMvcAutoConfigurationAdapter.class]]
2018-06-09 23:35:49.631 [main] INFO  o.s.c.s.PostProcessorRegistrationDelegate$BeanPostProcessorChecker - Bean 'org.springframework.transaction.annotation.ProxyTransactionManagementConfiguration' of type [class org.springframework.transaction.annotation.ProxyTransactionManagementConfiguration$$EnhancerBySpringCGLIB$$a88e3067] is not eligible for getting processed by all BeanPostProcessors (for example: not eligible for auto-proxying)
2018-06-09 23:35:49.993 [main] INFO  o.s.b.c.e.tomcat.TomcatEmbeddedServletContainer - Tomcat initialized with port(s): 10086 (http)
2018-06-09 23:35:50.000 [main] INFO  org.apache.catalina.core.StandardService - Starting service Tomcat
2018-06-09 23:35:50.001 [main] INFO  org.apache.catalina.core.StandardEngine - Starting Servlet Engine: Apache Tomcat/8.0.32
2018-06-09 23:35:50.072 [localhost-startStop-1] INFO  o.a.c.core.ContainerBase.[Tomcat].[localhost].[/] - Initializing Spring embedded WebApplicationContext
2018-06-09 23:35:50.073 [localhost-startStop-1] INFO  org.springframework.web.context.ContextLoader - Root WebApplicationContext: initialization completed in 1091 ms
2018-06-09 23:35:50.759 [localhost-startStop-1] INFO  o.s.boot.context.embedded.ServletRegistrationBean - Mapping servlet: 'dispatcherServlet' to [/]
2018-06-09 23:35:50.762 [localhost-startStop-1] INFO  o.s.boot.context.embedded.FilterRegistrationBean - Mapping filter: 'characterEncodingFilter' to: [/*]
2018-06-09 23:35:50.762 [localhost-startStop-1] INFO  o.s.boot.context.embedded.FilterRegistrationBean - Mapping filter: 'hiddenHttpMethodFilter' to: [/*]
2018-06-09 23:35:50.762 [localhost-startStop-1] INFO  o.s.boot.context.embedded.FilterRegistrationBean - Mapping filter: 'httpPutFormContentFilter' to: [/*]
2018-06-09 23:35:50.762 [localhost-startStop-1] INFO  o.s.boot.context.embedded.FilterRegistrationBean - Mapping filter: 'requestContextFilter' to: [/*]
2018-06-09 23:35:51.030 [main] INFO  o.s.w.s.m.m.a.RequestMappingHandlerAdapter - Looking for @ControllerAdvice: org.springframework.boot.context.embedded.AnnotationConfigEmbeddedWebApplicationContext@78b729e6: startup date [Sat Jun 09 23:35:48 CST 2018]; root of context hierarchy
2018-06-09 23:35:51.098 [main] INFO  o.s.w.s.m.m.a.RequestMappingHandlerMapping - Mapped "{[/user]}" onto java.lang.String com.springbootpro.ssm.com.springbootssm.app.TestController.home()
2018-06-09 23:35:51.101 [main] INFO  o.s.w.s.m.m.a.RequestMappingHandlerMapping - Mapped "{[/error]}" onto public org.springframework.http.ResponseEntity<java.util.Map<java.lang.String, java.lang.Object>> org.springframework.boot.autoconfigure.web.BasicErrorController.error(javax.servlet.http.HttpServletRequest)
2018-06-09 23:35:51.101 [main] INFO  o.s.w.s.m.m.a.RequestMappingHandlerMapping - Mapped "{[/error],produces=[text/html]}" onto public org.springframework.web.servlet.ModelAndView org.springframework.boot.autoconfigure.web.BasicErrorController.errorHtml(javax.servlet.http.HttpServletRequest,javax.servlet.http.HttpServletResponse)
2018-06-09 23:35:51.148 [main] INFO  o.s.web.servlet.handler.SimpleUrlHandlerMapping - Mapped URL path [/webjars/**] onto handler of type [class org.springframework.web.servlet.resource.ResourceHttpRequestHandler]
2018-06-09 23:35:51.148 [main] INFO  o.s.web.servlet.handler.SimpleUrlHandlerMapping - Mapped URL path [/**] onto handler of type [class org.springframework.web.servlet.resource.ResourceHttpRequestHandler]
2018-06-09 23:35:51.182 [main] INFO  o.s.web.servlet.handler.SimpleUrlHandlerMapping - Mapped URL path [/**/favicon.ico] onto handler of type [class org.springframework.web.servlet.resource.ResourceHttpRequestHandler]
2018-06-09 23:35:51.535 [main] INFO  o.s.jmx.export.annotation.AnnotationMBeanExporter - Registering beans for JMX exposure on startup
2018-06-09 23:35:51.549 [main] INFO  org.apache.coyote.http11.Http11NioProtocol - Initializing ProtocolHandler ["http-nio-10086"]
2018-06-09 23:35:51.552 [main] INFO  org.apache.coyote.http11.Http11NioProtocol - Starting ProtocolHandler ["http-nio-10086"]
2018-06-09 23:35:51.561 [main] INFO  org.apache.tomcat.util.net.NioSelectorPool - Using a shared selector for servlet write/read
2018-06-09 23:35:51.570 [main] INFO  o.s.b.c.e.tomcat.TomcatEmbeddedServletContainer - Tomcat started on port(s): 10086 (http)
2018-06-09 23:35:51.572 [main] INFO  c.s.s.c.springbootssm.config.rouorcesConfig.Runner - runner init.....
2018-06-09 23:35:51.573 [main] INFO  com.springbootpro.ssm.SsmApplication - Started SsmApplication in 2.897 seconds (JVM running for 4.132)
